Using pre-set license
Built from '2020.2/staging' branch; Version is '2020.2.5f1 (e2c53f129de5) revision 14861631'; Using compiler version '192528614'; Build Type 'Release'
OS: 'Windows 10 Home Single Language; OS build 19041.208; Version 2004; 64bit' Language: 'en' Physical Memory: 7597 MB
BatchMode: 1, IsHumanControllingUs: 0, StartBugReporterOnCrash: 0, Is64bit: 1, IsPro: 0

 COMMAND LINE ARGUMENTS:
C:\Program Files\Unity\Hub\Editor\2020.2.5f1\Editor\Unity.exe
-adb2
-batchMode
-noUpm
-name
AssetImportWorker0
-projectPath
C:/Users/Akshay/Documents/GitHub/C# Networking/C# Networking/C# Networking
-logFile
Logs/AssetImportWorker0.log
-srvPort
61469
Successfully changed project path to: C:/Users/Akshay/Documents/GitHub/C# Networking/C# Networking/C# Networking
C:/Users/Akshay/Documents/GitHub/C# Networking/C# Networking/C# Networking
Using Asset Import Pipeline V2.
Refreshing native plugins compatible for Editor in 59.30 ms, found 0 plugins.
Preloading 0 native plugins for Editor in 0.00 ms.
Initialize engine version: 2020.2.5f1 (e2c53f129de5)
[Subsystems] Discovering subsystems at path C:/Program Files/Unity/Hub/Editor/2020.2.5f1/Editor/Data/Resources/UnitySubsystems
[Subsystems] Discovering subsystems at path C:/Users/Akshay/Documents/GitHub/C# Networking/C# Networking/C# Networking/Assets
GfxDevice: creating device client; threaded=0
Direct3D:
    Version:  Direct3D 11.0 [level 11.1]
    Renderer: NVIDIA GeForce GTX 1660 Ti (ID=0x2191)
    Vendor:   
    VRAM:     5991 MB
    Driver:   27.21.14.5763
Initialize mono
Mono path[0] = 'C:/Program Files/Unity/Hub/Editor/2020.2.5f1/Editor/Data/Managed'
Mono path[1] = 'C:/Program Files/Unity/Hub/Editor/2020.2.5f1/Editor/Data/MonoBleedingEdge/lib/mono/unityjit'
Mono config path = 'C:/Program Files/Unity/Hub/Editor/2020.2.5f1/Editor/Data/MonoBleedingEdge/etc'
Using monoOptions --debugger-agent=transport=dt_socket,embedding=1,server=y,suspend=n,address=127.0.0.1:56320
Begin MonoManager ReloadAssembly
Registering precompiled unity dll's ...
Register platform support module: C:/Program Files/Unity/Hub/Editor/2020.2.5f1/Editor/Data/PlaybackEngines/WindowsStandaloneSupport/UnityEditor.WindowsStandalone.Extensions.dll
Registered in 0.004060 seconds.
Native extension for WindowsStandalone target not found
Refreshing native plugins compatible for Editor in 30.11 ms, found 0 plugins.
Preloading 0 native plugins for Editor in 0.00 ms.
Invoked RoslynAnalysisRunner static constructor.
RoslynAnalysisRunner will not be running.
RoslynAnalysisRunner has terminated.
Mono: successfully reloaded assembly
- Completed reload, in  4.671 seconds
Platform modules already initialized, skipping
Registering precompiled user dll's ...
Registered in 0.001961 seconds.
Begin MonoManager ReloadAssembly
Native extension for WindowsStandalone target not found
Refreshing native plugins compatible for Editor in 0.31 ms, found 0 plugins.
Preloading 0 native plugins for Editor in 0.00 ms.
Invoked RoslynAnalysisRunner static constructor.
RoslynAnalysisRunner will not be running.
RoslynAnalysisRunner has terminated.
Mono: successfully reloaded assembly
- Completed reload, in  0.965 seconds
Platform modules already initialized, skipping
========================================================================
Worker process is ready to serve import requests
Launched and connected shader compiler UnityShaderCompiler.exe after 0.06 seconds
Refreshing native plugins compatible for Editor in 0.24 ms, found 0 plugins.
Preloading 0 native plugins for Editor in 0.00 ms.
Unloading 1090 Unused Serialized files (Serialized files now loaded: 0)
System memory in use before: 57.1 MB.
System memory in use after: 57.2 MB.

Unloading 9 unused Assets to reduce memory usage. Loaded Objects now: 1536.
Total: 3.288300 ms (FindLiveObjects: 0.426200 ms CreateObjectMapping: 0.066800 ms MarkObjects: 2.704500 ms  DeleteObjects: 0.088100 ms)

========================================================================
Received Import Request.
  path: Assets
  artifactKey: Guid(00000000000000001000000000000000) Importer(815301076,1909f56bfc062723c751e8b465ee728b)
Start importing Assets using Guid(00000000000000001000000000000000) Importer(815301076,1909f56bfc062723c751e8b465ee728b)  -> (artifact id: '29f2a2471e7245fbc0aa931fa5cf45b7') in 0.006237 seconds
  Import took 0.009271 seconds .

========================================================================
Received Import Request.
  Time since last request: 1.736494 seconds.
  path: Assets/unofficial-rigged-fall-guy
  artifactKey: Guid(3e179ce3f7f898642a418d125b70559b) Importer(815301076,1909f56bfc062723c751e8b465ee728b)
Start importing Assets/unofficial-rigged-fall-guy using Guid(3e179ce3f7f898642a418d125b70559b) Importer(815301076,1909f56bfc062723c751e8b465ee728b)  -> (artifact id: '6d4f95775c41fd188a7844c486aa7ac0') in 0.004181 seconds
  Import took 0.007149 seconds .

========================================================================
Received Import Request.
  Time since last request: 1.566631 seconds.
  path: Assets/unofficial-rigged-fall-guy/source
  artifactKey: Guid(f0dc598d56120724c82be1acaee9d6fc) Importer(815301076,1909f56bfc062723c751e8b465ee728b)
Start importing Assets/unofficial-rigged-fall-guy/source using Guid(f0dc598d56120724c82be1acaee9d6fc) Importer(815301076,1909f56bfc062723c751e8b465ee728b)  -> (artifact id: '017d1fda4e935c77f73a63594f6d7f2c') in 0.004331 seconds
  Import took 0.007361 seconds .

========================================================================
Received Import Request.
  Time since last request: 1.426833 seconds.
  path: Assets/unofficial-rigged-fall-guy/source/Fall Guy .rar
  artifactKey: Guid(fa8b2fc26e6458349be615b976c19fa9) Importer(815301076,1909f56bfc062723c751e8b465ee728b)
Start importing Assets/unofficial-rigged-fall-guy/source/Fall Guy .rar using Guid(fa8b2fc26e6458349be615b976c19fa9) Importer(815301076,1909f56bfc062723c751e8b465ee728b)  -> (artifact id: '03dd2f55749ba7cf98924e10f5b7ea76') in 0.024353 seconds
  Import took 0.027202 seconds .

========================================================================
Received Import Request.
  Time since last request: 16.765648 seconds.
  path: Assets/unofficial-rigged-fall-guy/source/model/extra
  artifactKey: Guid(bb57db4a6409dc84ab2d9342fd5f705e) Importer(815301076,1909f56bfc062723c751e8b465ee728b)
Start importing Assets/unofficial-rigged-fall-guy/source/model/extra using Guid(bb57db4a6409dc84ab2d9342fd5f705e) Importer(815301076,1909f56bfc062723c751e8b465ee728b)  -> (artifact id: '34cd477011ab20b37a64d80bde2c8f87') in 0.003998 seconds
  Import took 0.006909 seconds .

========================================================================
Received Import Request.
  Time since last request: 2.484496 seconds.
  path: Assets/unofficial-rigged-fall-guy/source/model/model.fbx
  artifactKey: Guid(7e5b7fb0e5c04d64996f436e3591612b) Importer(815301076,1909f56bfc062723c751e8b465ee728b)
Start importing Assets/unofficial-rigged-fall-guy/source/model/model.fbx using Guid(7e5b7fb0e5c04d64996f436e3591612b) Importer(815301076,1909f56bfc062723c751e8b465ee728b)  -> (artifact id: 'e498d721ca09cf655439db212f9cd504') in 1.935231 seconds
  Import took 1.942813 seconds .

========================================================================
Received Import Request.
  Time since last request: 186.801830 seconds.
  path: Assets/fall-guy-base-rig
  artifactKey: Guid(e849e85a93d57f04d92bfa6767e48dac) Importer(815301076,1909f56bfc062723c751e8b465ee728b)
Start importing Assets/fall-guy-base-rig using Guid(e849e85a93d57f04d92bfa6767e48dac) Importer(815301076,1909f56bfc062723c751e8b465ee728b)  -> (artifact id: 'fb678d77b542cff9418f65f6b09a8b4e') in 0.004101 seconds
  Import took 0.007507 seconds .

========================================================================
Received Import Request.
  Time since last request: 0.794686 seconds.
  path: Assets/fall-guy-base-rig/source
  artifactKey: Guid(f6534bfe71a3a414b86f00300e8b04df) Importer(815301076,1909f56bfc062723c751e8b465ee728b)
Start importing Assets/fall-guy-base-rig/source using Guid(f6534bfe71a3a414b86f00300e8b04df) Importer(815301076,1909f56bfc062723c751e8b465ee728b)  -> (artifact id: '7a6dfb4b3ba8d96a8a13968e5743cdb4') in 0.003465 seconds
  Import took 0.007017 seconds .

========================================================================
Received Import Request.
  Time since last request: 1.258273 seconds.
  path: Assets/fall-guy-base-rig/source/fallGuyBase.fbx
  artifactKey: Guid(8606ec9afefd86347827e105fca6dd88) Importer(815301076,1909f56bfc062723c751e8b465ee728b)
Start importing Assets/fall-guy-base-rig/source/fallGuyBase.fbx using Guid(8606ec9afefd86347827e105fca6dd88) Importer(815301076,1909f56bfc062723c751e8b465ee728b)  -> (artifact id: 'dc7d9b668300a9a042a2534ff7849654') in 0.320963 seconds
  Import took 0.324260 seconds .

========================================================================
Received Import Request.
  Time since last request: 1406.262861 seconds.
  path: Assets/Matrials
  artifactKey: Guid(1c75c50a98e3b044ebb2c7f31c2a2c0a) Importer(815301076,1909f56bfc062723c751e8b465ee728b)
Start importing Assets/Matrials using Guid(1c75c50a98e3b044ebb2c7f31c2a2c0a) Importer(815301076,1909f56bfc062723c751e8b465ee728b)  -> (artifact id: '9472b75f4f388d13b0f780f616d94ff4') in 0.004738 seconds
  Import took 0.007691 seconds .

AssetImportWorkerClient::OnTransportError - code=2 error=End of file
